<?xml version="1.0" encoding="UTF-8"?>
<testng-results skipped="0" failed="0" ignored="0" total="1" passed="1">
  <reporter-output>
  </reporter-output>
  <suite name="Suite" duration-ms="70" started-at="2018-07-02T13:32:06Z" finished-at="2018-07-02T13:32:06Z">
    <groups>
    </groups>
    <test name="Test" duration-ms="70" started-at="2018-07-02T13:32:06Z" finished-at="2018-07-02T13:32:06Z">
      <class name="com.qa.test.HelloWorldTest">
        <test-method status="PASS" signature="PrintHelloWorld()[pri:0, instance:com.qa.test.HelloWorldTest@6d4b1c02]" name="PrintHelloWorld" duration-ms="37" started-at="2018-07-02T19:02:06Z" finished-at="2018-07-02T19:02:06Z">
          <reporter-output>
          </reporter-output>
        </test-method> <!-- PrintHelloWorld -->
      </class> <!-- com.qa.test.HelloWorldTest -->
    </test> <!-- Test -->
  </suite> <!-- Suite -->
</testng-results>
